The system is: Darwin - 21.6.0 - x86_64
Compiling the C compiler identification source file "CMakeCCompilerId.c" succeeded.
Compiler: /Users/luclambour/.tipi/clang/a7e6968/bin/clang 
Build flags: 
Id flags: -c 

The output was:
0


Compilation of the C compiler identification source "CMakeCCompilerId.c" produced "CMakeCCompilerId.o"

The C compiler identification is Clang, found in "/Users/luclambour/.tipi/w/unit-test-project-compile-2e803a6/build/macos-cxx17/bin/CMakeFiles/3.21.4/CompilerIdC/CMakeCCompilerId.o"

Compiling the CXX compiler identification source file "CMakeCXXCompilerId.cpp" succeeded.
Compiler: /Users/luclambour/.tipi/clang/a7e6968/bin/clang++ 
Build flags: -std=c++17
Id flags: -c 

The output was:
0


Compilation of the CXX compiler identification source "CMakeCXXCompilerId.cpp" produced "CMakeCXXCompilerId.o"

The CXX compiler identification is Clang, found in "/Users/luclambour/.tipi/w/unit-test-project-compile-2e803a6/build/macos-cxx17/bin/CMakeFiles/3.21.4/CompilerIdCXX/CMakeCXXCompilerId.o"

Detecting C compiler ABI info compiled with the following output:
Change Dir: /Users/luclambour/.tipi/w/unit-test-project-compile-2e803a6/build/macos-cxx17/bin/CMakeFiles/CMakeTmp

Run Build Command(s):/usr/local/bin/gmake -f Makefile cmTC_1e82d/fast && /usr/local/bin/gmake  -f CMakeFiles/cmTC_1e82d.dir/build.make CMakeFiles/cmTC_1e82d.dir/build
gmake[1]: Entering directory '/Users/luclambour/.tipi/w/unit-test-project-compile-2e803a6/build/macos-cxx17/bin/CMakeFiles/CMakeTmp'
Building C object CMakeFiles/cmTC_1e82d.dir/CMakeCCompilerABI.c.o
/Users/luclambour/.tipi/clang/a7e6968/bin/clang -DBOOST_ALL_NO_LIB=1  -isysroot /Library/Developer/CommandLineTools/SDKs/MacOSX12.3.sdk   -v -Wl,-v -MD -MT CMakeFiles/cmTC_1e82d.dir/CMakeCCompilerABI.c.o -MF CMakeFiles/cmTC_1e82d.dir/CMakeCCompilerABI.c.o.d -o CMakeFiles/cmTC_1e82d.dir/CMakeCCompilerABI.c.o -c /Users/luclambour/.tipi/cmake/1b1b5c6/share/cmake-3.21/Modules/CMakeCCompilerABI.c
clang version 13.0.0
Target: x86_64-apple-darwin21.6.0
Thread model: posix
InstalledDir: /Users/luclambour/.tipi/clang/a7e6968/bin
clang: warning: -Wl,-v: 'linker' input unused [-Wunused-command-line-argument]
 (in-process)
 "/Users/luclambour/.tipi/clang/a7e6968/bin/clang" -cc1 -triple x86_64-apple-macosx12.0.0 -Wundef-prefix=TARGET_OS_ -Werror=undef-prefix -Wdeprecated-objc-isa-usage -Werror=deprecated-objc-isa-usage -emit-obj -mrelax-all --mrelax-relocations -disable-free -disable-llvm-verifier -discard-value-names -main-file-name CMakeCCompilerABI.c -mrelocation-model pic -pic-level 2 -mframe-pointer=all -fno-rounding-math -munwind-tables -target-sdk-version=12.3 -fcompatibility-qualified-id-block-type-checking -fvisibility-inlines-hidden-static-local-var -target-cpu penryn -tune-cpu generic -debugger-tuning=lldb -target-linker-version 13.0.0 -v -fcoverage-compilation-dir=/Users/luclambour/.tipi/w/unit-test-project-compile-2e803a6/build/macos-cxx17/bin/CMakeFiles/CMakeTmp -resource-dir /Users/luclambour/.tipi/clang/a7e6968/lib/clang/13.0.0 -dependency-file CMakeFiles/cmTC_1e82d.dir/CMakeCCompilerABI.c.o.d -MT CMakeFiles/cmTC_1e82d.dir/CMakeCCompilerABI.c.o -sys-header-deps -isysroot /Library/Developer/CommandLineTools/SDKs/MacOSX12.3.sdk -D BOOST_ALL_NO_LIB=1 -internal-isystem /Library/Developer/CommandLineTools/SDKs/MacOSX12.3.sdk/usr/local/include -internal-isystem /Users/luclambour/.tipi/clang/a7e6968/lib/clang/13.0.0/include -internal-externc-isystem /Library/Developer/CommandLineTools/SDKs/MacOSX12.3.sdk/usr/include -fdebug-compilation-dir=/Users/luclambour/.tipi/w/unit-test-project-compile-2e803a6/build/macos-cxx17/bin/CMakeFiles/CMakeTmp -ferror-limit 19 -stack-protector 1 -fblocks -fencode-extended-block-signature -fregister-global-dtors-with-atexit -fgnuc-version=4.2.1 -fmax-type-align=16 -D__GCC_HAVE_DWARF2_CFI_ASM=1 -o CMakeFiles/cmTC_1e82d.dir/CMakeCCompilerABI.c.o -x c /Users/luclambour/.tipi/cmake/1b1b5c6/share/cmake-3.21/Modules/CMakeCCompilerABI.c
clang -cc1 version 13.0.0 based upon LLVM 13.0.0 default target x86_64-apple-darwin21.6.0
ignoring nonexistent directory "/Library/Developer/CommandLineTools/SDKs/MacOSX12.3.sdk/usr/local/include"
ignoring nonexistent directory "/Library/Developer/CommandLineTools/SDKs/MacOSX12.3.sdk/Library/Frameworks"
#include "..." search starts here:
#include <...> search starts here:
 /Users/luclambour/.tipi/clang/a7e6968/lib/clang/13.0.0/include
 /Library/Developer/CommandLineTools/SDKs/MacOSX12.3.sdk/usr/include
 /Library/Developer/CommandLineTools/SDKs/MacOSX12.3.sdk/System/Library/Frameworks (framework directory)
End of search list.
Linking C executable cmTC_1e82d
/Users/luclambour/.tipi/cmake/1b1b5c6/bin/cmake -E cmake_link_script CMakeFiles/cmTC_1e82d.dir/link.txt --verbose=1
/Users/luclambour/.tipi/clang/a7e6968/bin/clang  -isysroot /Library/Developer/CommandLineTools/SDKs/MacOSX12.3.sdk -Wl,-search_paths_first -Wl,-headerpad_max_install_names  -v -Wl,-v CMakeFiles/cmTC_1e82d.dir/CMakeCCompilerABI.c.o -o cmTC_1e82d 
clang version 13.0.0
Target: x86_64-apple-darwin21.6.0
Thread model: posix
InstalledDir: /Users/luclambour/.tipi/clang/a7e6968/bin
 "/usr/bin/ld" -dynamic -arch x86_64 -macosx_version_min 12.0.0 -syslibroot /Library/Developer/CommandLineTools/SDKs/MacOSX12.3.sdk -o cmTC_1e82d -search_paths_first -headerpad_max_install_names -v CMakeFiles/cmTC_1e82d.dir/CMakeCCompilerABI.c.o -lSystem /Users/luclambour/.tipi/clang/a7e6968/lib/clang/13.0.0/lib/darwin/libclang_rt.osx.a
@(#)PROGRAM:ld  PROJECT:ld64-764
BUILD 11:22:50 Apr 28 2022
configured to support archs: armv6 armv7 armv7s arm64 arm64e arm64_32 i386 x86_64 x86_64h armv6m armv7k armv7m armv7em
Library search paths:
	/Library/Developer/CommandLineTools/SDKs/MacOSX12.3.sdk/usr/lib
Framework search paths:
	/Library/Developer/CommandLineTools/SDKs/MacOSX12.3.sdk/System/Library/Frameworks/
gmake[1]: Leaving directory '/Users/luclambour/.tipi/w/unit-test-project-compile-2e803a6/build/macos-cxx17/bin/CMakeFiles/CMakeTmp'



Parsed C implicit include dir info from above output: rv=done
  found start of include info
  found start of implicit include info
    add: [/Users/luclambour/.tipi/clang/a7e6968/lib/clang/13.0.0/include]
    add: [/Library/Developer/CommandLineTools/SDKs/MacOSX12.3.sdk/usr/include]
  end of search list found
  collapse include dir [/Users/luclambour/.tipi/clang/a7e6968/lib/clang/13.0.0/include] ==> [/Users/luclambour/.tipi/clang/a7e6968/lib/clang/13.0.0/include]
  collapse include dir [/Library/Developer/CommandLineTools/SDKs/MacOSX12.3.sdk/usr/include] ==> [/Library/Developer/CommandLineTools/SDKs/MacOSX12.3.sdk/usr/include]
  implicit include dirs: [/Users/luclambour/.tipi/clang/a7e6968/lib/clang/13.0.0/include;/Library/Developer/CommandLineTools/SDKs/MacOSX12.3.sdk/usr/include]


Parsed C implicit link information from above output:
  link line regex: [^( *|.*[/\])(ld\.lld|CMAKE_LINK_STARTFILE-NOTFOUND|([^/\]+-)?ld|collect2)[^/\]*( |$)]
  ignore line: [Change Dir: /Users/luclambour/.tipi/w/unit-test-project-compile-2e803a6/build/macos-cxx17/bin/CMakeFiles/CMakeTmp]
  ignore line: []
  ignore line: [Run Build Command(s):/usr/local/bin/gmake -f Makefile cmTC_1e82d/fast && /usr/local/bin/gmake  -f CMakeFiles/cmTC_1e82d.dir/build.make CMakeFiles/cmTC_1e82d.dir/build]
  ignore line: [gmake[1]: Entering directory '/Users/luclambour/.tipi/w/unit-test-project-compile-2e803a6/build/macos-cxx17/bin/CMakeFiles/CMakeTmp']
  ignore line: [Building C object CMakeFiles/cmTC_1e82d.dir/CMakeCCompilerABI.c.o]
  ignore line: [/Users/luclambour/.tipi/clang/a7e6968/bin/clang -DBOOST_ALL_NO_LIB=1  -isysroot /Library/Developer/CommandLineTools/SDKs/MacOSX12.3.sdk   -v -Wl -v -MD -MT CMakeFiles/cmTC_1e82d.dir/CMakeCCompilerABI.c.o -MF CMakeFiles/cmTC_1e82d.dir/CMakeCCompilerABI.c.o.d -o CMakeFiles/cmTC_1e82d.dir/CMakeCCompilerABI.c.o -c /Users/luclambour/.tipi/cmake/1b1b5c6/share/cmake-3.21/Modules/CMakeCCompilerABI.c]
  ignore line: [clang version 13.0.0]
  ignore line: [Target: x86_64-apple-darwin21.6.0]
  ignore line: [Thread model: posix]
  ignore line: [InstalledDir: /Users/luclambour/.tipi/clang/a7e6968/bin]
  ignore line: [clang: warning: -Wl -v: 'linker' input unused [-Wunused-command-line-argument]]
  ignore line: [ (in-process)]
  ignore line: [ "/Users/luclambour/.tipi/clang/a7e6968/bin/clang" -cc1 -triple x86_64-apple-macosx12.0.0 -Wundef-prefix=TARGET_OS_ -Werror=undef-prefix -Wdeprecated-objc-isa-usage -Werror=deprecated-objc-isa-usage -emit-obj -mrelax-all --mrelax-relocations -disable-free -disable-llvm-verifier -discard-value-names -main-file-name CMakeCCompilerABI.c -mrelocation-model pic -pic-level 2 -mframe-pointer=all -fno-rounding-math -munwind-tables -target-sdk-version=12.3 -fcompatibility-qualified-id-block-type-checking -fvisibility-inlines-hidden-static-local-var -target-cpu penryn -tune-cpu generic -debugger-tuning=lldb -target-linker-version 13.0.0 -v -fcoverage-compilation-dir=/Users/luclambour/.tipi/w/unit-test-project-compile-2e803a6/build/macos-cxx17/bin/CMakeFiles/CMakeTmp -resource-dir /Users/luclambour/.tipi/clang/a7e6968/lib/clang/13.0.0 -dependency-file CMakeFiles/cmTC_1e82d.dir/CMakeCCompilerABI.c.o.d -MT CMakeFiles/cmTC_1e82d.dir/CMakeCCompilerABI.c.o -sys-header-deps -isysroot /Library/Developer/CommandLineTools/SDKs/MacOSX12.3.sdk -D BOOST_ALL_NO_LIB=1 -internal-isystem /Library/Developer/CommandLineTools/SDKs/MacOSX12.3.sdk/usr/local/include -internal-isystem /Users/luclambour/.tipi/clang/a7e6968/lib/clang/13.0.0/include -internal-externc-isystem /Library/Developer/CommandLineTools/SDKs/MacOSX12.3.sdk/usr/include -fdebug-compilation-dir=/Users/luclambour/.tipi/w/unit-test-project-compile-2e803a6/build/macos-cxx17/bin/CMakeFiles/CMakeTmp -ferror-limit 19 -stack-protector 1 -fblocks -fencode-extended-block-signature -fregister-global-dtors-with-atexit -fgnuc-version=4.2.1 -fmax-type-align=16 -D__GCC_HAVE_DWARF2_CFI_ASM=1 -o CMakeFiles/cmTC_1e82d.dir/CMakeCCompilerABI.c.o -x c /Users/luclambour/.tipi/cmake/1b1b5c6/share/cmake-3.21/Modules/CMakeCCompilerABI.c]
  ignore line: [clang -cc1 version 13.0.0 based upon LLVM 13.0.0 default target x86_64-apple-darwin21.6.0]
  ignore line: [ignoring nonexistent directory "/Library/Developer/CommandLineTools/SDKs/MacOSX12.3.sdk/usr/local/include"]
  ignore line: [ignoring nonexistent directory "/Library/Developer/CommandLineTools/SDKs/MacOSX12.3.sdk/Library/Frameworks"]
  ignore line: [#include "..." search starts here:]
  ignore line: [#include <...> search starts here:]
  ignore line: [ /Users/luclambour/.tipi/clang/a7e6968/lib/clang/13.0.0/include]
  ignore line: [ /Library/Developer/CommandLineTools/SDKs/MacOSX12.3.sdk/usr/include]
  ignore line: [ /Library/Developer/CommandLineTools/SDKs/MacOSX12.3.sdk/System/Library/Frameworks (framework directory)]
  ignore line: [End of search list.]
  ignore line: [Linking C executable cmTC_1e82d]
  ignore line: [/Users/luclambour/.tipi/cmake/1b1b5c6/bin/cmake -E cmake_link_script CMakeFiles/cmTC_1e82d.dir/link.txt --verbose=1]
  ignore line: [/Users/luclambour/.tipi/clang/a7e6968/bin/clang  -isysroot /Library/Developer/CommandLineTools/SDKs/MacOSX12.3.sdk -Wl -search_paths_first -Wl -headerpad_max_install_names  -v -Wl -v CMakeFiles/cmTC_1e82d.dir/CMakeCCompilerABI.c.o -o cmTC_1e82d ]
  ignore line: [clang version 13.0.0]
  ignore line: [Target: x86_64-apple-darwin21.6.0]
  ignore line: [Thread model: posix]
  ignore line: [InstalledDir: /Users/luclambour/.tipi/clang/a7e6968/bin]
  link line: [ "/usr/bin/ld" -dynamic -arch x86_64 -macosx_version_min 12.0.0 -syslibroot /Library/Developer/CommandLineTools/SDKs/MacOSX12.3.sdk -o cmTC_1e82d -search_paths_first -headerpad_max_install_names -v CMakeFiles/cmTC_1e82d.dir/CMakeCCompilerABI.c.o -lSystem /Users/luclambour/.tipi/clang/a7e6968/lib/clang/13.0.0/lib/darwin/libclang_rt.osx.a]
    arg [/usr/bin/ld] ==> ignore
    arg [-dynamic] ==> ignore
    arg [-arch] ==> ignore
    arg [x86_64] ==> ignore
    arg [-macosx_version_min] ==> ignore
    arg [12.0.0] ==> ignore
    arg [-syslibroot] ==> ignore
    arg [/Library/Developer/CommandLineTools/SDKs/MacOSX12.3.sdk] ==> ignore
    arg [-o] ==> ignore
    arg [cmTC_1e82d] ==> ignore
    arg [-search_paths_first] ==> ignore
    arg [-headerpad_max_install_names] ==> ignore
    arg [-v] ==> ignore
    arg [CMakeFiles/cmTC_1e82d.dir/CMakeCCompilerABI.c.o] ==> ignore
    arg [-lSystem] ==> lib [System]
    arg [/Users/luclambour/.tipi/clang/a7e6968/lib/clang/13.0.0/lib/darwin/libclang_rt.osx.a] ==> lib [/Users/luclambour/.tipi/clang/a7e6968/lib/clang/13.0.0/lib/darwin/libclang_rt.osx.a]
  Library search paths: [;/Library/Developer/CommandLineTools/SDKs/MacOSX12.3.sdk/usr/lib]
  Framework search paths: [;/Library/Developer/CommandLineTools/SDKs/MacOSX12.3.sdk/System/Library/Frameworks/]
  remove lib [System]
  remove lib [/Users/luclambour/.tipi/clang/a7e6968/lib/clang/13.0.0/lib/darwin/libclang_rt.osx.a]
  collapse library dir [/Library/Developer/CommandLineTools/SDKs/MacOSX12.3.sdk/usr/lib] ==> [/Library/Developer/CommandLineTools/SDKs/MacOSX12.3.sdk/usr/lib]
  collapse framework dir [/Library/Developer/CommandLineTools/SDKs/MacOSX12.3.sdk/System/Library/Frameworks/] ==> [/Library/Developer/CommandLineTools/SDKs/MacOSX12.3.sdk/System/Library/Frameworks]
  implicit libs: []
  implicit objs: []
  implicit dirs: [/Library/Developer/CommandLineTools/SDKs/MacOSX12.3.sdk/usr/lib]
  implicit fwks: [/Library/Developer/CommandLineTools/SDKs/MacOSX12.3.sdk/System/Library/Frameworks]


Detecting CXX compiler ABI info compiled with the following output:
Change Dir: /Users/luclambour/.tipi/w/unit-test-project-compile-2e803a6/build/macos-cxx17/bin/CMakeFiles/CMakeTmp

Run Build Command(s):/usr/local/bin/gmake -f Makefile cmTC_9f4a7/fast && /usr/local/bin/gmake  -f CMakeFiles/cmTC_9f4a7.dir/build.make CMakeFiles/cmTC_9f4a7.dir/build
gmake[1]: Entering directory '/Users/luclambour/.tipi/w/unit-test-project-compile-2e803a6/build/macos-cxx17/bin/CMakeFiles/CMakeTmp'
Building CXX object CMakeFiles/cmTC_9f4a7.dir/CMakeCXXCompilerABI.cpp.o
/Users/luclambour/.tipi/clang/a7e6968/bin/clang++ -DBOOST_ALL_NO_LIB=1  -std=c++17  -isysroot /Library/Developer/CommandLineTools/SDKs/MacOSX12.3.sdk   -v -Wl,-v -std=c++17 -MD -MT CMakeFiles/cmTC_9f4a7.dir/CMakeCXXCompilerABI.cpp.o -MF CMakeFiles/cmTC_9f4a7.dir/CMakeCXXCompilerABI.cpp.o.d -o CMakeFiles/cmTC_9f4a7.dir/CMakeCXXCompilerABI.cpp.o -c /Users/luclambour/.tipi/cmake/1b1b5c6/share/cmake-3.21/Modules/CMakeCXXCompilerABI.cpp
clang version 13.0.0
Target: x86_64-apple-darwin21.6.0
Thread model: posix
InstalledDir: /Users/luclambour/.tipi/clang/a7e6968/bin
clang++: warning: -Wl,-v: 'linker' input unused [-Wunused-command-line-argument]
 (in-process)
 "/Users/luclambour/.tipi/clang/a7e6968/bin/clang++" -cc1 -triple x86_64-apple-macosx12.0.0 -Wundef-prefix=TARGET_OS_ -Werror=undef-prefix -Wdeprecated-objc-isa-usage -Werror=deprecated-objc-isa-usage -emit-obj -mrelax-all --mrelax-relocations -disable-free -disable-llvm-verifier -discard-value-names -main-file-name CMakeCXXCompilerABI.cpp -mrelocation-model pic -pic-level 2 -mframe-pointer=all -fno-rounding-math -munwind-tables -target-sdk-version=12.3 -fcompatibility-qualified-id-block-type-checking -fvisibility-inlines-hidden-static-local-var -target-cpu penryn -tune-cpu generic -debugger-tuning=lldb -target-linker-version 13.0.0 -v -fcoverage-compilation-dir=/Users/luclambour/.tipi/w/unit-test-project-compile-2e803a6/build/macos-cxx17/bin/CMakeFiles/CMakeTmp -resource-dir /Users/luclambour/.tipi/clang/a7e6968/lib/clang/13.0.0 -dependency-file CMakeFiles/cmTC_9f4a7.dir/CMakeCXXCompilerABI.cpp.o.d -MT CMakeFiles/cmTC_9f4a7.dir/CMakeCXXCompilerABI.cpp.o -sys-header-deps -isysroot /Library/Developer/CommandLineTools/SDKs/MacOSX12.3.sdk -D BOOST_ALL_NO_LIB=1 -stdlib=libc++ -internal-isystem /Users/luclambour/.tipi/clang/a7e6968/bin/../include/c++/v1 -internal-isystem /Library/Developer/CommandLineTools/SDKs/MacOSX12.3.sdk/usr/local/include -internal-isystem /Users/luclambour/.tipi/clang/a7e6968/lib/clang/13.0.0/include -internal-externc-isystem /Library/Developer/CommandLineTools/SDKs/MacOSX12.3.sdk/usr/include -std=c++17 -fdeprecated-macro -fdebug-compilation-dir=/Users/luclambour/.tipi/w/unit-test-project-compile-2e803a6/build/macos-cxx17/bin/CMakeFiles/CMakeTmp -ferror-limit 19 -stack-protector 1 -fblocks -fencode-extended-block-signature -fregister-global-dtors-with-atexit -fgnuc-version=4.2.1 -fcxx-exceptions -fexceptions -fmax-type-align=16 -D__GCC_HAVE_DWARF2_CFI_ASM=1 -o CMakeFiles/cmTC_9f4a7.dir/CMakeCXXCompilerABI.cpp.o -x c++ /Users/luclambour/.tipi/cmake/1b1b5c6/share/cmake-3.21/Modules/CMakeCXXCompilerABI.cpp
clang -cc1 version 13.0.0 based upon LLVM 13.0.0 default target x86_64-apple-darwin21.6.0
ignoring nonexistent directory "/Library/Developer/CommandLineTools/SDKs/MacOSX12.3.sdk/usr/local/include"
ignoring nonexistent directory "/Library/Developer/CommandLineTools/SDKs/MacOSX12.3.sdk/Library/Frameworks"
#include "..." search starts here:
#include <...> search starts here:
 /Users/luclambour/.tipi/clang/a7e6968/bin/../include/c++/v1
 /Users/luclambour/.tipi/clang/a7e6968/lib/clang/13.0.0/include
 /Library/Developer/CommandLineTools/SDKs/MacOSX12.3.sdk/usr/include
 /Library/Developer/CommandLineTools/SDKs/MacOSX12.3.sdk/System/Library/Frameworks (framework directory)
End of search list.
Linking CXX executable cmTC_9f4a7
/Users/luclambour/.tipi/cmake/1b1b5c6/bin/cmake -E cmake_link_script CMakeFiles/cmTC_9f4a7.dir/link.txt --verbose=1
/Users/luclambour/.tipi/clang/a7e6968/bin/clang++ -std=c++17  -isysroot /Library/Developer/CommandLineTools/SDKs/MacOSX12.3.sdk -Wl,-search_paths_first -Wl,-headerpad_max_install_names  -v -Wl,-v CMakeFiles/cmTC_9f4a7.dir/CMakeCXXCompilerABI.cpp.o -o cmTC_9f4a7 
clang version 13.0.0
Target: x86_64-apple-darwin21.6.0
Thread model: posix
InstalledDir: /Users/luclambour/.tipi/clang/a7e6968/bin
 "/usr/bin/ld" -dynamic -arch x86_64 -macosx_version_min 12.0.0 -syslibroot /Library/Developer/CommandLineTools/SDKs/MacOSX12.3.sdk -o cmTC_9f4a7 -search_paths_first -headerpad_max_install_names -v CMakeFiles/cmTC_9f4a7.dir/CMakeCXXCompilerABI.cpp.o -lc++ -lSystem /Users/luclambour/.tipi/clang/a7e6968/lib/clang/13.0.0/lib/darwin/libclang_rt.osx.a
@(#)PROGRAM:ld  PROJECT:ld64-764
BUILD 11:22:50 Apr 28 2022
configured to support archs: armv6 armv7 armv7s arm64 arm64e arm64_32 i386 x86_64 x86_64h armv6m armv7k armv7m armv7em
Library search paths:
	/Library/Developer/CommandLineTools/SDKs/MacOSX12.3.sdk/usr/lib
Framework search paths:
	/Library/Developer/CommandLineTools/SDKs/MacOSX12.3.sdk/System/Library/Frameworks/
gmake[1]: Leaving directory '/Users/luclambour/.tipi/w/unit-test-project-compile-2e803a6/build/macos-cxx17/bin/CMakeFiles/CMakeTmp'



Parsed CXX implicit include dir info from above output: rv=done
  found start of include info
  found start of implicit include info
    add: [/Users/luclambour/.tipi/clang/a7e6968/bin/../include/c++/v1]
    add: [/Users/luclambour/.tipi/clang/a7e6968/lib/clang/13.0.0/include]
    add: [/Library/Developer/CommandLineTools/SDKs/MacOSX12.3.sdk/usr/include]
  end of search list found
  collapse include dir [/Users/luclambour/.tipi/clang/a7e6968/bin/../include/c++/v1] ==> [/Users/luclambour/.tipi/clang/a7e6968/include/c++/v1]
  collapse include dir [/Users/luclambour/.tipi/clang/a7e6968/lib/clang/13.0.0/include] ==> [/Users/luclambour/.tipi/clang/a7e6968/lib/clang/13.0.0/include]
  collapse include dir [/Library/Developer/CommandLineTools/SDKs/MacOSX12.3.sdk/usr/include] ==> [/Library/Developer/CommandLineTools/SDKs/MacOSX12.3.sdk/usr/include]
  implicit include dirs: [/Users/luclambour/.tipi/clang/a7e6968/include/c++/v1;/Users/luclambour/.tipi/clang/a7e6968/lib/clang/13.0.0/include;/Library/Developer/CommandLineTools/SDKs/MacOSX12.3.sdk/usr/include]


Parsed CXX implicit link information from above output:
  link line regex: [^( *|.*[/\])(ld\.lld|CMAKE_LINK_STARTFILE-NOTFOUND|([^/\]+-)?ld|collect2)[^/\]*( |$)]
  ignore line: [Change Dir: /Users/luclambour/.tipi/w/unit-test-project-compile-2e803a6/build/macos-cxx17/bin/CMakeFiles/CMakeTmp]
  ignore line: []
  ignore line: [Run Build Command(s):/usr/local/bin/gmake -f Makefile cmTC_9f4a7/fast && /usr/local/bin/gmake  -f CMakeFiles/cmTC_9f4a7.dir/build.make CMakeFiles/cmTC_9f4a7.dir/build]
  ignore line: [gmake[1]: Entering directory '/Users/luclambour/.tipi/w/unit-test-project-compile-2e803a6/build/macos-cxx17/bin/CMakeFiles/CMakeTmp']
  ignore line: [Building CXX object CMakeFiles/cmTC_9f4a7.dir/CMakeCXXCompilerABI.cpp.o]
  ignore line: [/Users/luclambour/.tipi/clang/a7e6968/bin/clang++ -DBOOST_ALL_NO_LIB=1  -std=c++17  -isysroot /Library/Developer/CommandLineTools/SDKs/MacOSX12.3.sdk   -v -Wl -v -std=c++17 -MD -MT CMakeFiles/cmTC_9f4a7.dir/CMakeCXXCompilerABI.cpp.o -MF CMakeFiles/cmTC_9f4a7.dir/CMakeCXXCompilerABI.cpp.o.d -o CMakeFiles/cmTC_9f4a7.dir/CMakeCXXCompilerABI.cpp.o -c /Users/luclambour/.tipi/cmake/1b1b5c6/share/cmake-3.21/Modules/CMakeCXXCompilerABI.cpp]
  ignore line: [clang version 13.0.0]
  ignore line: [Target: x86_64-apple-darwin21.6.0]
  ignore line: [Thread model: posix]
  ignore line: [InstalledDir: /Users/luclambour/.tipi/clang/a7e6968/bin]
  ignore line: [clang++: warning: -Wl -v: 'linker' input unused [-Wunused-command-line-argument]]
  ignore line: [ (in-process)]
  ignore line: [ "/Users/luclambour/.tipi/clang/a7e6968/bin/clang++" -cc1 -triple x86_64-apple-macosx12.0.0 -Wundef-prefix=TARGET_OS_ -Werror=undef-prefix -Wdeprecated-objc-isa-usage -Werror=deprecated-objc-isa-usage -emit-obj -mrelax-all --mrelax-relocations -disable-free -disable-llvm-verifier -discard-value-names -main-file-name CMakeCXXCompilerABI.cpp -mrelocation-model pic -pic-level 2 -mframe-pointer=all -fno-rounding-math -munwind-tables -target-sdk-version=12.3 -fcompatibility-qualified-id-block-type-checking -fvisibility-inlines-hidden-static-local-var -target-cpu penryn -tune-cpu generic -debugger-tuning=lldb -target-linker-version 13.0.0 -v -fcoverage-compilation-dir=/Users/luclambour/.tipi/w/unit-test-project-compile-2e803a6/build/macos-cxx17/bin/CMakeFiles/CMakeTmp -resource-dir /Users/luclambour/.tipi/clang/a7e6968/lib/clang/13.0.0 -dependency-file CMakeFiles/cmTC_9f4a7.dir/CMakeCXXCompilerABI.cpp.o.d -MT CMakeFiles/cmTC_9f4a7.dir/CMakeCXXCompilerABI.cpp.o -sys-header-deps -isysroot /Library/Developer/CommandLineTools/SDKs/MacOSX12.3.sdk -D BOOST_ALL_NO_LIB=1 -stdlib=libc++ -internal-isystem /Users/luclambour/.tipi/clang/a7e6968/bin/../include/c++/v1 -internal-isystem /Library/Developer/CommandLineTools/SDKs/MacOSX12.3.sdk/usr/local/include -internal-isystem /Users/luclambour/.tipi/clang/a7e6968/lib/clang/13.0.0/include -internal-externc-isystem /Library/Developer/CommandLineTools/SDKs/MacOSX12.3.sdk/usr/include -std=c++17 -fdeprecated-macro -fdebug-compilation-dir=/Users/luclambour/.tipi/w/unit-test-project-compile-2e803a6/build/macos-cxx17/bin/CMakeFiles/CMakeTmp -ferror-limit 19 -stack-protector 1 -fblocks -fencode-extended-block-signature -fregister-global-dtors-with-atexit -fgnuc-version=4.2.1 -fcxx-exceptions -fexceptions -fmax-type-align=16 -D__GCC_HAVE_DWARF2_CFI_ASM=1 -o CMakeFiles/cmTC_9f4a7.dir/CMakeCXXCompilerABI.cpp.o -x c++ /Users/luclambour/.tipi/cmake/1b1b5c6/share/cmake-3.21/Modules/CMakeCXXCompilerABI.cpp]
  ignore line: [clang -cc1 version 13.0.0 based upon LLVM 13.0.0 default target x86_64-apple-darwin21.6.0]
  ignore line: [ignoring nonexistent directory "/Library/Developer/CommandLineTools/SDKs/MacOSX12.3.sdk/usr/local/include"]
  ignore line: [ignoring nonexistent directory "/Library/Developer/CommandLineTools/SDKs/MacOSX12.3.sdk/Library/Frameworks"]
  ignore line: [#include "..." search starts here:]
  ignore line: [#include <...> search starts here:]
  ignore line: [ /Users/luclambour/.tipi/clang/a7e6968/bin/../include/c++/v1]
  ignore line: [ /Users/luclambour/.tipi/clang/a7e6968/lib/clang/13.0.0/include]
  ignore line: [ /Library/Developer/CommandLineTools/SDKs/MacOSX12.3.sdk/usr/include]
  ignore line: [ /Library/Developer/CommandLineTools/SDKs/MacOSX12.3.sdk/System/Library/Frameworks (framework directory)]
  ignore line: [End of search list.]
  ignore line: [Linking CXX executable cmTC_9f4a7]
  ignore line: [/Users/luclambour/.tipi/cmake/1b1b5c6/bin/cmake -E cmake_link_script CMakeFiles/cmTC_9f4a7.dir/link.txt --verbose=1]
  ignore line: [/Users/luclambour/.tipi/clang/a7e6968/bin/clang++ -std=c++17  -isysroot /Library/Developer/CommandLineTools/SDKs/MacOSX12.3.sdk -Wl -search_paths_first -Wl -headerpad_max_install_names  -v -Wl -v CMakeFiles/cmTC_9f4a7.dir/CMakeCXXCompilerABI.cpp.o -o cmTC_9f4a7 ]
  ignore line: [clang version 13.0.0]
  ignore line: [Target: x86_64-apple-darwin21.6.0]
  ignore line: [Thread model: posix]
  ignore line: [InstalledDir: /Users/luclambour/.tipi/clang/a7e6968/bin]
  link line: [ "/usr/bin/ld" -dynamic -arch x86_64 -macosx_version_min 12.0.0 -syslibroot /Library/Developer/CommandLineTools/SDKs/MacOSX12.3.sdk -o cmTC_9f4a7 -search_paths_first -headerpad_max_install_names -v CMakeFiles/cmTC_9f4a7.dir/CMakeCXXCompilerABI.cpp.o -lc++ -lSystem /Users/luclambour/.tipi/clang/a7e6968/lib/clang/13.0.0/lib/darwin/libclang_rt.osx.a]
    arg [/usr/bin/ld] ==> ignore
    arg [-dynamic] ==> ignore
    arg [-arch] ==> ignore
    arg [x86_64] ==> ignore
    arg [-macosx_version_min] ==> ignore
    arg [12.0.0] ==> ignore
    arg [-syslibroot] ==> ignore
    arg [/Library/Developer/CommandLineTools/SDKs/MacOSX12.3.sdk] ==> ignore
    arg [-o] ==> ignore
    arg [cmTC_9f4a7] ==> ignore
    arg [-search_paths_first] ==> ignore
    arg [-headerpad_max_install_names] ==> ignore
    arg [-v] ==> ignore
    arg [CMakeFiles/cmTC_9f4a7.dir/CMakeCXXCompilerABI.cpp.o] ==> ignore
    arg [-lc++] ==> lib [c++]
    arg [-lSystem] ==> lib [System]
    arg [/Users/luclambour/.tipi/clang/a7e6968/lib/clang/13.0.0/lib/darwin/libclang_rt.osx.a] ==> lib [/Users/luclambour/.tipi/clang/a7e6968/lib/clang/13.0.0/lib/darwin/libclang_rt.osx.a]
  Library search paths: [;/Library/Developer/CommandLineTools/SDKs/MacOSX12.3.sdk/usr/lib]
  Framework search paths: [;/Library/Developer/CommandLineTools/SDKs/MacOSX12.3.sdk/System/Library/Frameworks/]
  remove lib [System]
  remove lib [/Users/luclambour/.tipi/clang/a7e6968/lib/clang/13.0.0/lib/darwin/libclang_rt.osx.a]
  collapse library dir [/Library/Developer/CommandLineTools/SDKs/MacOSX12.3.sdk/usr/lib] ==> [/Library/Developer/CommandLineTools/SDKs/MacOSX12.3.sdk/usr/lib]
  collapse framework dir [/Library/Developer/CommandLineTools/SDKs/MacOSX12.3.sdk/System/Library/Frameworks/] ==> [/Library/Developer/CommandLineTools/SDKs/MacOSX12.3.sdk/System/Library/Frameworks]
  implicit libs: [c++]
  implicit objs: []
  implicit dirs: [/Library/Developer/CommandLineTools/SDKs/MacOSX12.3.sdk/usr/lib]
  implicit fwks: [/Library/Developer/CommandLineTools/SDKs/MacOSX12.3.sdk/System/Library/Frameworks]


Determining if the include file pthread.h exists passed with the following output:
Change Dir: /Users/luclambour/.tipi/w/unit-test-project-compile-2e803a6/build/macos-cxx17/bin/CMakeFiles/CMakeTmp

Run Build Command(s):/usr/local/bin/gmake -f Makefile cmTC_17434/fast && /usr/local/bin/gmake  -f CMakeFiles/cmTC_17434.dir/build.make CMakeFiles/cmTC_17434.dir/build
gmake[1]: Entering directory '/Users/luclambour/.tipi/w/unit-test-project-compile-2e803a6/build/macos-cxx17/bin/CMakeFiles/CMakeTmp'
Building C object CMakeFiles/cmTC_17434.dir/CheckIncludeFile.c.o
/Users/luclambour/.tipi/clang/a7e6968/bin/clang -DBOOST_ALL_NO_LIB=1  -isysroot /Library/Developer/CommandLineTools/SDKs/MacOSX12.3.sdk -MD -MT CMakeFiles/cmTC_17434.dir/CheckIncludeFile.c.o -MF CMakeFiles/cmTC_17434.dir/CheckIncludeFile.c.o.d -o CMakeFiles/cmTC_17434.dir/CheckIncludeFile.c.o -c /Users/luclambour/.tipi/w/unit-test-project-compile-2e803a6/build/macos-cxx17/bin/CMakeFiles/CMakeTmp/CheckIncludeFile.c
Linking C executable cmTC_17434
/Users/luclambour/.tipi/cmake/1b1b5c6/bin/cmake -E cmake_link_script CMakeFiles/cmTC_17434.dir/link.txt --verbose=1
/Users/luclambour/.tipi/clang/a7e6968/bin/clang  -isysroot /Library/Developer/CommandLineTools/SDKs/MacOSX12.3.sdk -Wl,-search_paths_first -Wl,-headerpad_max_install_names CMakeFiles/cmTC_17434.dir/CheckIncludeFile.c.o -o cmTC_17434 
gmake[1]: Leaving directory '/Users/luclambour/.tipi/w/unit-test-project-compile-2e803a6/build/macos-cxx17/bin/CMakeFiles/CMakeTmp'



Performing C SOURCE FILE Test CMAKE_HAVE_LIBC_PTHREAD succeeded with the following output:
Change Dir: /Users/luclambour/.tipi/w/unit-test-project-compile-2e803a6/build/macos-cxx17/bin/CMakeFiles/CMakeTmp

Run Build Command(s):/usr/local/bin/gmake -f Makefile cmTC_801f1/fast && /usr/local/bin/gmake  -f CMakeFiles/cmTC_801f1.dir/build.make CMakeFiles/cmTC_801f1.dir/build
gmake[1]: Entering directory '/Users/luclambour/.tipi/w/unit-test-project-compile-2e803a6/build/macos-cxx17/bin/CMakeFiles/CMakeTmp'
Building C object CMakeFiles/cmTC_801f1.dir/src.c.o
/Users/luclambour/.tipi/clang/a7e6968/bin/clang -DBOOST_ALL_NO_LIB=1 -DCMAKE_HAVE_LIBC_PTHREAD  -isysroot /Library/Developer/CommandLineTools/SDKs/MacOSX12.3.sdk -MD -MT CMakeFiles/cmTC_801f1.dir/src.c.o -MF CMakeFiles/cmTC_801f1.dir/src.c.o.d -o CMakeFiles/cmTC_801f1.dir/src.c.o -c /Users/luclambour/.tipi/w/unit-test-project-compile-2e803a6/build/macos-cxx17/bin/CMakeFiles/CMakeTmp/src.c
Linking C executable cmTC_801f1
/Users/luclambour/.tipi/cmake/1b1b5c6/bin/cmake -E cmake_link_script CMakeFiles/cmTC_801f1.dir/link.txt --verbose=1
/Users/luclambour/.tipi/clang/a7e6968/bin/clang  -isysroot /Library/Developer/CommandLineTools/SDKs/MacOSX12.3.sdk -Wl,-search_paths_first -Wl,-headerpad_max_install_names CMakeFiles/cmTC_801f1.dir/src.c.o -o cmTC_801f1 
gmake[1]: Leaving directory '/Users/luclambour/.tipi/w/unit-test-project-compile-2e803a6/build/macos-cxx17/bin/CMakeFiles/CMakeTmp'


Source file was:
#include <pthread.h>

static void* test_func(void* data)
{
  return data;
}

int main(void)
{
  pthread_t thread;
  pthread_create(&thread, NULL, test_func, NULL);
  pthread_detach(thread);
  pthread_cancel(thread);
  pthread_join(thread, NULL);
  pthread_atfork(NULL, NULL, NULL);
  pthread_exit(NULL);

  return 0;
}

