The system is: Windows - 10.0.19043 - AMD64
Compiling the C compiler identification source file "CMakeCCompilerId.c" succeeded.
Compiler:  
Build flags: 
Id flags:  

The output was:
0
Microsoft (R) Build Engine version 16.11.0+0538acc04 pour .NET Framework
Copyright (C) Microsoft Corporation. Tous droits r├⌐serv├⌐s.

La g├⌐n├⌐ration a d├⌐marr├⌐ 07.09.2022 17:55:25.
Projet "C:\.tipi\w\unit-test-project-compile-2e803a6\build\vs-16-2019-win64-cxx17\bin\CMakeFiles\3.21.4\CompilerIdC\CompilerIdC.vcxproj" sur le n┼ôud 1 (cibles par d├⌐faut).
PrepareForBuild:
  Cr├⌐ation du r├⌐pertoire "Debug\".
  Cr├⌐ation du r├⌐pertoire "Debug\CompilerIdC.tlog\".
InitializeBuildStatus:
  Cr├⌐ation de "Debug\CompilerIdC.tlog\unsuccessfulbuild", car "AlwaysCreate" a ├⌐t├⌐ sp├⌐cifi├⌐.
ClCompile:
  C:\Program Files (x86)\Microsoft Visual Studio\2019\Community\VC\Tools\MSVC\14.29.30133\bin\HostX64\x64\CL.exe /c /nologo /W0 /WX- /diagnostics:column /Od /D _MBCS /Gm- /EHsc /RTC1 /MDd /GS /fp:precise /Zc:wchar_t /Zc:forScope /Zc:inline /Fo"Debug\\" /Fd"Debug\vc142.pdb" /external:W0 /Gd /TC /FC /errorReport:queue CMakeCCompilerId.c
  CMakeCCompilerId.c
Link:
  C:\Program Files (x86)\Microsoft Visual Studio\2019\Community\VC\Tools\MSVC\14.29.30133\bin\HostX64\x64\link.exe /ERRORREPORT:QUEUE /OUT:".\CompilerIdC.exe" /INCREMENTAL:NO /NOLOGO kernel32.lib user32.lib gdi32.lib winspool.lib comdlg32.lib advapi32.lib shell32.lib ole32.lib oleaut32.lib uuid.lib odbc32.lib odbccp32.lib /MANIFEST /MANIFESTUAC:"level='asInvoker' uiAccess='false'" /manifest:embed /PDB:".\CompilerIdC.pdb" /SUBSYSTEM:CONSOLE /TLBID:1 /DYNAMICBASE /NXCOMPAT /IMPLIB:".\CompilerIdC.lib" /MACHINE:X64 Debug\CMakeCCompilerId.obj
  CompilerIdC.vcxproj -> C:\.tipi\w\unit-test-project-compile-2e803a6\build\vs-16-2019-win64-cxx17\bin\CMakeFiles\3.21.4\CompilerIdC\CompilerIdC.exe
PostBuildEvent:
  for %%i in (cl.exe) do @echo CMAKE_C_COMPILER=%%~$PATH:i
  :VCEnd
  CMAKE_C_COMPILER=C:\Program Files (x86)\Microsoft Visual Studio\2019\Community\VC\Tools\MSVC\14.29.30133\bin\Hostx64\x64\cl.exe
FinalizeBuildStatus:
  Suppression du fichier "Debug\CompilerIdC.tlog\unsuccessfulbuild".
  Mise ├á jour de l'horodatage "Debug\CompilerIdC.tlog\CompilerIdC.lastbuildstate".
G├⌐n├⌐ration du projet "C:\.tipi\w\unit-test-project-compile-2e803a6\build\vs-16-2019-win64-cxx17\bin\CMakeFiles\3.21.4\CompilerIdC\CompilerIdC.vcxproj" termin├⌐e (cibles par d├⌐faut).

La g├⌐n├⌐ration a r├⌐ussi.
    0 Avertissement(s)
    0 Erreur(s)

Temps ├⌐coul├⌐ 00:00:00.64


Compilation of the C compiler identification source "CMakeCCompilerId.c" produced "CompilerIdC.exe"

Compilation of the C compiler identification source "CMakeCCompilerId.c" produced "CompilerIdC.vcxproj"

The C compiler identification is MSVC, found in "C:/.tipi/w/unit-test-project-compile-2e803a6/build/vs-16-2019-win64-cxx17/bin/CMakeFiles/3.21.4/CompilerIdC/CompilerIdC.exe"

Compiling the CXX compiler identification source file "CMakeCXXCompilerId.cpp" succeeded.
Compiler:  
Build flags: /std:c++17
Id flags:  

The output was:
0
Microsoft (R) Build Engine version 16.11.0+0538acc04 pour .NET Framework
Copyright (C) Microsoft Corporation. Tous droits r├⌐serv├⌐s.

La g├⌐n├⌐ration a d├⌐marr├⌐ 07.09.2022 17:55:26.
Projet "C:\.tipi\w\unit-test-project-compile-2e803a6\build\vs-16-2019-win64-cxx17\bin\CMakeFiles\3.21.4\CompilerIdCXX\CompilerIdCXX.vcxproj" sur le n┼ôud 1 (cibles par d├⌐faut).
PrepareForBuild:
  Cr├⌐ation du r├⌐pertoire "Debug\".
  Cr├⌐ation du r├⌐pertoire "Debug\CompilerIdCXX.tlog\".
InitializeBuildStatus:
  Cr├⌐ation de "Debug\CompilerIdCXX.tlog\unsuccessfulbuild", car "AlwaysCreate" a ├⌐t├⌐ sp├⌐cifi├⌐.
ClCompile:
  C:\Program Files (x86)\Microsoft Visual Studio\2019\Community\VC\Tools\MSVC\14.29.30133\bin\HostX64\x64\CL.exe /c /nologo /W0 /WX- /diagnostics:column /Od /D _MBCS /Gm- /EHsc /RTC1 /MDd /GS /fp:precise /Zc:wchar_t /Zc:forScope /Zc:inline /Fo"Debug\\" /Fd"Debug\vc142.pdb" /external:W0 /Gd /TP /FC /errorReport:queue CMakeCXXCompilerId.cpp
  CMakeCXXCompilerId.cpp
Link:
  C:\Program Files (x86)\Microsoft Visual Studio\2019\Community\VC\Tools\MSVC\14.29.30133\bin\HostX64\x64\link.exe /ERRORREPORT:QUEUE /OUT:".\CompilerIdCXX.exe" /INCREMENTAL:NO /NOLOGO kernel32.lib user32.lib gdi32.lib winspool.lib comdlg32.lib advapi32.lib shell32.lib ole32.lib oleaut32.lib uuid.lib odbc32.lib odbccp32.lib /MANIFEST /MANIFESTUAC:"level='asInvoker' uiAccess='false'" /manifest:embed /PDB:".\CompilerIdCXX.pdb" /SUBSYSTEM:CONSOLE /TLBID:1 /DYNAMICBASE /NXCOMPAT /IMPLIB:".\CompilerIdCXX.lib" /MACHINE:X64 Debug\CMakeCXXCompilerId.obj
  CompilerIdCXX.vcxproj -> C:\.tipi\w\unit-test-project-compile-2e803a6\build\vs-16-2019-win64-cxx17\bin\CMakeFiles\3.21.4\CompilerIdCXX\CompilerIdCXX.exe
PostBuildEvent:
  for %%i in (cl.exe) do @echo CMAKE_CXX_COMPILER=%%~$PATH:i
  :VCEnd
  CMAKE_CXX_COMPILER=C:\Program Files (x86)\Microsoft Visual Studio\2019\Community\VC\Tools\MSVC\14.29.30133\bin\Hostx64\x64\cl.exe
FinalizeBuildStatus:
  Suppression du fichier "Debug\CompilerIdCXX.tlog\unsuccessfulbuild".
  Mise ├á jour de l'horodatage "Debug\CompilerIdCXX.tlog\CompilerIdCXX.lastbuildstate".
G├⌐n├⌐ration du projet "C:\.tipi\w\unit-test-project-compile-2e803a6\build\vs-16-2019-win64-cxx17\bin\CMakeFiles\3.21.4\CompilerIdCXX\CompilerIdCXX.vcxproj" termin├⌐e (cibles par d├⌐faut).

La g├⌐n├⌐ration a r├⌐ussi.
    0 Avertissement(s)
    0 Erreur(s)

Temps ├⌐coul├⌐ 00:00:00.65


Compilation of the CXX compiler identification source "CMakeCXXCompilerId.cpp" produced "CompilerIdCXX.exe"

Compilation of the CXX compiler identification source "CMakeCXXCompilerId.cpp" produced "CompilerIdCXX.vcxproj"

The CXX compiler identification is MSVC, found in "C:/.tipi/w/unit-test-project-compile-2e803a6/build/vs-16-2019-win64-cxx17/bin/CMakeFiles/3.21.4/CompilerIdCXX/CompilerIdCXX.exe"

Detecting C compiler ABI info compiled with the following output:
Change Dir: C:/.tipi/w/unit-test-project-compile-2e803a6/build/vs-16-2019-win64-cxx17/bin/CMakeFiles/CMakeTmp

Run Build Command(s):C:/Program Files (x86)/Microsoft Visual Studio/2019/Community/MSBuild/Current/Bin/MSBuild.exe cmTC_7d634.vcxproj /p:Configuration=Debug /p:Platform=x64 /p:VisualStudioVersion=16.0 /v:m && Microsoft (R) Build Engine version 16.11.0+0538acc04 pour .NET Framework
Copyright (C) Microsoft Corporation. Tous droits r├⌐serv├⌐s.

  Compilateur d'optimisation Microsoft (R) C/C++ version┬á19.29.30133 pour x64
  Copyright (C) Microsoft Corporation. Tous droits r├⌐serv├⌐s.
  CMakeCCompilerABI.c
  cl /c /Zi /W1 /WX- /diagnostics:column /Od /Ob0 /D _MBCS /D WIN32 /D _WINDOWS /D BOOST_ALL_NO_LIB=1 /D "CMAKE_INTDIR=\"Debug\"" /Gm- /RTC1 /MDd /GS /fp:precise /Zc:wchar_t /Zc:forScope /Zc:inline /Fo"cmTC_7d634.dir\Debug\\" /Fd"cmTC_7d634.dir\Debug\vc142.pdb" /external:W1 /Gd /TC /errorReport:queue "C:\.tipi\cmake\78da891\share\cmake-3.21\Modules\CMakeCCompilerABI.c"
  cmTC_7d634.vcxproj -> C:\.tipi\w\unit-test-project-compile-2e803a6\build\vs-16-2019-win64-cxx17\bin\CMakeFiles\CMakeTmp\Debug\cmTC_7d634.exe



Detecting CXX compiler ABI info compiled with the following output:
Change Dir: C:/.tipi/w/unit-test-project-compile-2e803a6/build/vs-16-2019-win64-cxx17/bin/CMakeFiles/CMakeTmp

Run Build Command(s):C:/Program Files (x86)/Microsoft Visual Studio/2019/Community/MSBuild/Current/Bin/MSBuild.exe cmTC_f2881.vcxproj /p:Configuration=Debug /p:Platform=x64 /p:VisualStudioVersion=16.0 /v:m && Microsoft (R) Build Engine version 16.11.0+0538acc04 pour .NET Framework
Copyright (C) Microsoft Corporation. Tous droits r├⌐serv├⌐s.

  Compilateur d'optimisation Microsoft (R) C/C++ version┬á19.29.30133 pour x64
  Copyright (C) Microsoft Corporation. Tous droits r├⌐serv├⌐s.
  CMakeCXXCompilerABI.cpp
  cl /c /Zi /W1 /WX- /diagnostics:column /Od /Ob0 /D _MBCS /D WIN32 /D _WINDOWS /D BOOST_ALL_NO_LIB=1 /D "CMAKE_INTDIR=\"Debug\"" /Gm- /EHsc /RTC1 /MDd /GS /fp:precise /Zc:wchar_t /Zc:forScope /Zc:inline /GR /std:c++17 /Fo"cmTC_f2881.dir\Debug\\" /Fd"cmTC_f2881.dir\Debug\vc142.pdb" /external:W1 /Gd /TP /errorReport:queue "C:\.tipi\cmake\78da891\share\cmake-3.21\Modules\CMakeCXXCompilerABI.cpp"
  cmTC_f2881.vcxproj -> C:\.tipi\w\unit-test-project-compile-2e803a6\build\vs-16-2019-win64-cxx17\bin\CMakeFiles\CMakeTmp\Debug\cmTC_f2881.exe



