Performing C SOURCE FILE Test CMAKE_HAVE_LIBC_PTHREAD failed with the following output:
Change Dir: /root/.tipi/w/unit-test-project-compile-2e803a6/build/linux-cxx17/bin/CMakeFiles/CMakeTmp

Run Build Command(s):/usr/bin/make -f Makefile cmTC_81390/fast && /usr/bin/make  -f CMakeFiles/cmTC_81390.dir/build.make CMakeFiles/cmTC_81390.dir/build
make[1]: Entering directory '/root/.tipi/w/unit-test-project-compile-2e803a6/build/linux-cxx17/bin/CMakeFiles/CMakeTmp'
Building C object CMakeFiles/cmTC_81390.dir/src.c.o
/root/.tipi/clang/4f846ee/bin/clang -DBOOST_ALL_NO_LIB=1 -DCMAKE_HAVE_LIBC_PTHREAD   -MD -MT CMakeFiles/cmTC_81390.dir/src.c.o -MF CMakeFiles/cmTC_81390.dir/src.c.o.d -o CMakeFiles/cmTC_81390.dir/src.c.o -c /root/.tipi/w/unit-test-project-compile-2e803a6/build/linux-cxx17/bin/CMakeFiles/CMakeTmp/src.c
Linking C executable cmTC_81390
/root/.tipi/cmake/aa668b3/bin/cmake -E cmake_link_script CMakeFiles/cmTC_81390.dir/link.txt --verbose=1
/root/.tipi/clang/4f846ee/bin/clang CMakeFiles/cmTC_81390.dir/src.c.o -o cmTC_81390 
/usr/bin/ld: CMakeFiles/cmTC_81390.dir/src.c.o: in function `main':
src.c:(.text+0x25): undefined reference to `pthread_create'
/usr/bin/ld: src.c:(.text+0x2e): undefined reference to `pthread_detach'
/usr/bin/ld: src.c:(.text+0x37): undefined reference to `pthread_cancel'
/usr/bin/ld: src.c:(.text+0x44): undefined reference to `pthread_join'
clang: error: linker command failed with exit code 1 (use -v to see invocation)
make[1]: *** [CMakeFiles/cmTC_81390.dir/build.make:100: cmTC_81390] Error 1
make[1]: Leaving directory '/root/.tipi/w/unit-test-project-compile-2e803a6/build/linux-cxx17/bin/CMakeFiles/CMakeTmp'
make: *** [Makefile:127: cmTC_81390/fast] Error 2


Source file was:
#include <pthread.h>

static void* test_func(void* data)
{
  return data;
}

int main(void)
{
  pthread_t thread;
  pthread_create(&thread, NULL, test_func, NULL);
  pthread_detach(thread);
  pthread_cancel(thread);
  pthread_join(thread, NULL);
  pthread_atfork(NULL, NULL, NULL);
  pthread_exit(NULL);

  return 0;
}

Determining if the function pthread_create exists in the pthreads failed with the following output:
Change Dir: /root/.tipi/w/unit-test-project-compile-2e803a6/build/linux-cxx17/bin/CMakeFiles/CMakeTmp

Run Build Command(s):/usr/bin/make -f Makefile cmTC_f5dbb/fast && /usr/bin/make  -f CMakeFiles/cmTC_f5dbb.dir/build.make CMakeFiles/cmTC_f5dbb.dir/build
make[1]: Entering directory '/root/.tipi/w/unit-test-project-compile-2e803a6/build/linux-cxx17/bin/CMakeFiles/CMakeTmp'
Building C object CMakeFiles/cmTC_f5dbb.dir/CheckFunctionExists.c.o
/root/.tipi/clang/4f846ee/bin/clang -DBOOST_ALL_NO_LIB=1  -DCHECK_FUNCTION_EXISTS=pthread_create -MD -MT CMakeFiles/cmTC_f5dbb.dir/CheckFunctionExists.c.o -MF CMakeFiles/cmTC_f5dbb.dir/CheckFunctionExists.c.o.d -o CMakeFiles/cmTC_f5dbb.dir/CheckFunctionExists.c.o -c /root/.tipi/cmake/aa668b3/share/cmake-3.21/Modules/CheckFunctionExists.c
Linking C executable cmTC_f5dbb
/root/.tipi/cmake/aa668b3/bin/cmake -E cmake_link_script CMakeFiles/cmTC_f5dbb.dir/link.txt --verbose=1
/root/.tipi/clang/4f846ee/bin/clang  -DCHECK_FUNCTION_EXISTS=pthread_create CMakeFiles/cmTC_f5dbb.dir/CheckFunctionExists.c.o -o cmTC_f5dbb  -lpthreads 
/usr/bin/ld: cannot find -lpthreads
clang: error: linker command failed with exit code 1 (use -v to see invocation)
make[1]: *** [CMakeFiles/cmTC_f5dbb.dir/build.make:100: cmTC_f5dbb] Error 1
make[1]: Leaving directory '/root/.tipi/w/unit-test-project-compile-2e803a6/build/linux-cxx17/bin/CMakeFiles/CMakeTmp'
make: *** [Makefile:127: cmTC_f5dbb/fast] Error 2



